<?xml version="1.0" encoding="UTF-8"?>
<robot generator="Robot 6.1.1 (Python 3.10.12 on win32)" generated="20240408 21:45:52.110" rpa="true" schemaversion="4">
<suite id="s1" name="Tasks" source="C:\Users\Asus\Desktop\task final\testapi\tasks.robot">
<test id="s1-t1" name="Open google.com" line="5">
<kw name="Open Browser" library="RPA.Browser.Selenium">
<arg>browser=chrome</arg>
<doc>Opens a new browser instance to the optional ``url``.</doc>
<msg timestamp="20240408 21:45:53.234" level="INFO">Opening browser 'chrome' to base url 'None'.</msg>
<status status="PASS" starttime="20240408 21:45:53.233" endtime="20240408 21:45:55.383"/>
</kw>
<kw name="Go To" library="RPA.Browser.Selenium">
<arg>url=https://google.com</arg>
<doc>Navigates the current browser window to the provided ``url``.</doc>
<msg timestamp="20240408 21:45:55.384" level="INFO">Opening url 'https://google.com'</msg>
<status status="PASS" starttime="20240408 21:45:55.384" endtime="20240408 21:45:57.503"/>
</kw>
<status status="PASS" starttime="20240408 21:45:53.232" endtime="20240408 21:45:57.503"/>
</test>
<doc>Custom Script Started</doc>
<status status="PASS" starttime="20240408 21:45:52.116" endtime="20240408 21:45:57.506"/>
</suite>
<statistics>
<total>
<stat pass="1" fail="0" skip="0">All Tasks</stat>
</total>
<tag>
</tag>
<suite>
<stat pass="1" fail="0" skip="0" id="s1" name="Tasks">Tasks</stat>
</suite>
</statistics>
<errors>
</errors>
</robot>
